<?xml version="1.0" encoding="UTF-8"?>
<!-- Generated by org.testng.reporters.JUnitXMLReporter -->
<testsuite ignored="0" hostname="Sowmya-RM.local" failures="0" tests="6" name="Default test" time="35.436" errors="0" timestamp="2026-04-15T20:12:12 IST">
  <testcase classname="api.test.DataDrivenTest" name="testPostUser" time="4.04"/>
  <testcase classname="api.test.DataDrivenTest" name="testPostUser" time="1.831"/>
  <testcase classname="api.test.DataDrivenTest" name="testPostUser" time="2.238"/>
  <testcase classname="api.test.DataDrivenTest" name="testDeleteUserByName" time="1.605"/>
  <testcase classname="api.test.DataDrivenTest" name="testDeleteUserByName" time="1.66"/>
  <testcase classname="api.test.DataDrivenTest" name="testDeleteUserByName" time="1.602"/>
</testsuite> <!-- Default test -->
