<?xml version="1.0" encoding="UTF-8"?>
<testng-results ignored="0" total="4" passed="4" failed="0" skipped="0">
  <reporter-output>
  </reporter-output>
  <suite started-at="2026-04-16T09:44:40 IST" name="PetSuite" finished-at="2026-04-16T09:44:54 IST" duration-ms="14210">
    <groups>
    </groups>
    <test started-at="2026-04-16T09:44:40 IST" name="PetTest" finished-at="2026-04-16T09:44:54 IST" duration-ms="14210">
      <class name="api.test.UserTest2">
        <test-method is-config="true" signature="setUpData()[pri:0, instance:api.test.UserTest2@2b0f373b]" started-at="2026-04-16T09:44:40 IST" name="setUpData" finished-at="2026-04-16T09:44:40 IST" duration-ms="260" status="PASS">
          <reporter-output>
          </reporter-output>
        </test-method> <!-- setUpData -->
        <test-method signature="testPostUser()[pri:1, instance:api.test.UserTest2@2b0f373b]" started-at="2026-04-16T09:44:40 IST" name="testPostUser" finished-at="2026-04-16T09:44:44 IST" duration-ms="4181" status="PASS">
          <reporter-output>
          </reporter-output>
        </test-method> <!-- testPostUser -->
        <test-method signature="testGetUser()[pri:2, instance:api.test.UserTest2@2b0f373b]" started-at="2026-04-16T09:44:44 IST" name="testGetUser" finished-at="2026-04-16T09:44:47 IST" duration-ms="2614" status="PASS">
          <reporter-output>
          </reporter-output>
        </test-method> <!-- testGetUser -->
        <test-method signature="testPutUser()[pri:3, instance:api.test.UserTest2@2b0f373b]" started-at="2026-04-16T09:44:47 IST" name="testPutUser" finished-at="2026-04-16T09:44:52 IST" duration-ms="4671" status="PASS">
          <reporter-output>
          </reporter-output>
        </test-method> <!-- testPutUser -->
        <test-method signature="testDeleteUser()[pri:4, instance:api.test.UserTest2@2b0f373b]" started-at="2026-04-16T09:44:52 IST" name="testDeleteUser" finished-at="2026-04-16T09:44:54 IST" duration-ms="2173" status="PASS">
          <reporter-output>
          </reporter-output>
        </test-method> <!-- testDeleteUser -->
      </class> <!-- api.test.UserTest2 -->
    </test> <!-- PetTest -->
  </suite> <!-- PetSuite -->
</testng-results>
