<?xml version="1.0" encoding="UTF-8"?>
<testng-results ignored="0" total="4" passed="4" failed="0" skipped="0">
  <reporter-output>
  </reporter-output>
  <suite started-at="2026-04-15T23:14:02 IST" name="PetSuite" finished-at="2026-04-15T23:14:14 IST" duration-ms="11369">
    <groups>
    </groups>
    <test started-at="2026-04-15T23:14:02 IST" name="PetTest" finished-at="2026-04-15T23:14:14 IST" duration-ms="11369">
      <class name="api.test.UserTest2">
        <test-method is-config="true" signature="setUpData()[pri:0, instance:api.test.UserTest2@57ac5227]" started-at="2026-04-15T23:14:03 IST" name="setUpData" finished-at="2026-04-15T23:14:03 IST" duration-ms="203" status="PASS">
          <reporter-output>
          </reporter-output>
        </test-method> <!-- setUpData -->
        <test-method signature="testPostUser()[pri:1, instance:api.test.UserTest2@57ac5227]" started-at="2026-04-15T23:14:03 IST" name="testPostUser" finished-at="2026-04-15T23:14:07 IST" duration-ms="3870" status="PASS">
          <reporter-output>
          </reporter-output>
        </test-method> <!-- testPostUser -->
        <test-method signature="testGetUser()[pri:2, instance:api.test.UserTest2@57ac5227]" started-at="2026-04-15T23:14:07 IST" name="testGetUser" finished-at="2026-04-15T23:14:09 IST" duration-ms="1634" status="PASS">
          <reporter-output>
          </reporter-output>
        </test-method> <!-- testGetUser -->
        <test-method signature="testPutUser()[pri:3, instance:api.test.UserTest2@57ac5227]" started-at="2026-04-15T23:14:09 IST" name="testPutUser" finished-at="2026-04-15T23:14:12 IST" duration-ms="3684" status="PASS">
          <reporter-output>
          </reporter-output>
        </test-method> <!-- testPutUser -->
        <test-method signature="testDeleteUser()[pri:4, instance:api.test.UserTest2@57ac5227]" started-at="2026-04-15T23:14:12 IST" name="testDeleteUser" finished-at="2026-04-15T23:14:14 IST" duration-ms="1634" status="PASS">
          <reporter-output>
          </reporter-output>
        </test-method> <!-- testDeleteUser -->
      </class> <!-- api.test.UserTest2 -->
    </test> <!-- PetTest -->
  </suite> <!-- PetSuite -->
</testng-results>
