<?xml version="1.0" encoding="UTF-8"?>
<!-- Generated by org.testng.reporters.JUnitReportReporter -->
<testsuite hostname="Sowmya-RM.local" failures="0" tests="6" name="api.test.DataDrivenTest" time="14.045" errors="0" timestamp="2026-04-15T21:00:46 IST" skipped="0">
  <testcase classname="api.test.DataDrivenTest" name="testPostUser" time="3.429"/>
  <testcase classname="api.test.DataDrivenTest" name="testPostUser" time="1.630"/>
  <testcase classname="api.test.DataDrivenTest" name="testPostUser" time="2.991"/>
  <testcase classname="api.test.DataDrivenTest" name="testDeleteUserByName" time="2.826"/>
  <testcase classname="api.test.DataDrivenTest" name="testDeleteUserByName" time="1.657"/>
  <testcase classname="api.test.DataDrivenTest" name="testDeleteUserByName" time="1.512"/>
</testsuite> <!-- api.test.DataDrivenTest -->
