<?xml version="1.0" encoding="UTF-8"?>
<!-- Generated by org.testng.reporters.JUnitReportReporter -->
<testsuite hostname="Sowmya-RM.local" failures="0" tests="4" name="api.test.UserTest" time="20.128" errors="0" timestamp="2026-04-15T21:20:19 IST" skipped="0">
  <testcase classname="api.test.UserTest" name="testPostUser" time="3.753"/>
  <testcase classname="api.test.UserTest" name="testGetUser" time="6.088"/>
  <testcase classname="api.test.UserTest" name="testPutUser" time="8.406"/>
  <testcase classname="api.test.UserTest" name="testDeleteUser" time="1.881"/>
</testsuite> <!-- api.test.UserTest -->
