<?xml version="1.0" encoding="UTF-8"?>
<!-- Generated by org.testng.reporters.JUnitReportReporter -->
<testsuite hostname="Sowmya-RM.local" failures="0" tests="4" name="api.test.UserTest2" time="10.822" errors="0" timestamp="2026-04-15T23:14:19 IST" skipped="0">
  <testcase classname="api.test.UserTest2" name="testPostUser" time="3.870"/>
  <testcase classname="api.test.UserTest2" name="testGetUser" time="1.634"/>
  <testcase classname="api.test.UserTest2" name="testPutUser" time="3.684"/>
  <testcase classname="api.test.UserTest2" name="testDeleteUser" time="1.634"/>
</testsuite> <!-- api.test.UserTest2 -->
