<?xml version="1.0" encoding="UTF-8"?>
<!-- Generated by org.testng.reporters.JUnitReportReporter -->
<testsuite hostname="Sowmya-RM.local" failures="0" tests="4" name="api.test.UserTest2" time="13.639" errors="0" timestamp="2026-04-16T09:44:59 IST" skipped="0">
  <testcase classname="api.test.UserTest2" name="testPostUser" time="4.181"/>
  <testcase classname="api.test.UserTest2" name="testGetUser" time="2.614"/>
  <testcase classname="api.test.UserTest2" name="testPutUser" time="4.671"/>
  <testcase classname="api.test.UserTest2" name="testDeleteUser" time="2.173"/>
</testsuite> <!-- api.test.UserTest2 -->
